
-------- WWWW ------- G4Exception-START -------- WWWW -------
*** G4Exception : GeomNav1002
      issued by : G4Navigator::ComputeStep()
Track stuck or not moving.
          Track stuck, not moving for 10 steps
          in volume -av_1_impr_1_World2_pv_280- at point (-24.6617,-160.028,951.903)
          direction: (-0.282971,-0.761403,-0.58326).
          Potential geometry or navigation problem !
          Trying pushing it of 1e-07 mm ...Potential overlap in geometry!

*** This is just a warning message. ***
-------- WWWW -------- G4Exception-END --------- WWWW -------


-------- WWWW ------- G4Exception-START -------- WWWW -------
*** G4Exception : GeomNav1002
      issued by : G4Navigator::ComputeStep()
Track stuck or not moving.
          Track stuck, not moving for 10 steps
          in volume -av_1_impr_1_World2_pv_280- at point (-260.396,156.514,1460.47)
          direction: (-0.646361,0.15685,0.746737).
          Potential geometry or navigation problem !
          Trying pushing it of 1e-07 mm ...Potential overlap in geometry!

*** This is just a warning message. ***
-------- WWWW -------- G4Exception-END --------- WWWW -------


-------- WWWW ------- G4Exception-START -------- WWWW -------
*** G4Exception : GeomNav1002
      issued by : G4Navigator::ComputeStep()
Track stuck or not moving.
          Track stuck, not moving for 10 steps
          in volume -av_1_impr_1_World2_pv_280- at point (-237.536,0.108031,905.899)
          direction: (-0.263995,0.156805,-0.951693).
          Potential geometry or navigation problem !
          Trying pushing it of 1e-07 mm ...Potential overlap in geometry!

*** This is just a warning message. ***
-------- WWWW -------- G4Exception-END --------- WWWW -------


-------- WWWW ------- G4Exception-START -------- WWWW -------
*** G4Exception : GeomNav1002
      issued by : G4Navigator::ComputeStep()
Track stuck or not moving.
          Track stuck, not moving for 10 steps
          in volume -av_1_impr_1_World2_pv_280- at point (-231.964,114.353,159.853)
          direction: (-0.242342,0.140257,-0.959999).
          Potential geometry or navigation problem !
          Trying pushing it of 1e-07 mm ...Potential overlap in geometry!

*** This is just a warning message. ***
-------- WWWW -------- G4Exception-END --------- WWWW -------


-------- WWWW ------- G4Exception-START -------- WWWW -------
*** G4Exception : GeomNav1002
      issued by : G4Navigator::ComputeStep()
Track stuck or not moving.
          Track stuck, not moving for 10 steps
          in volume -av_1_impr_1_World2_pv_280- at point (233.856,-7.06632,190.491)
          direction: (-0.133782,-0.188061,-0.973003).
          Potential geometry or navigation problem !
          Trying pushing it of 1e-07 mm ...Potential overlap in geometry!

*** This is just a warning message. ***
-------- WWWW -------- G4Exception-END --------- WWWW -------


-------- WWWW ------- G4Exception-START -------- WWWW -------
*** G4Exception : GeomNav1002
      issued by : G4Navigator::ComputeStep()
Track stuck or not moving.
          Track stuck, not moving for 10 steps
          in volume -av_1_impr_1_World2_pv_280- at point (137.593,-92.3254,989.309)
          direction: (0.0236116,0.0657437,-0.997557).
          Potential geometry or navigation problem !
          Trying pushing it of 1e-07 mm ...Potential overlap in geometry!

*** This is just a warning message. ***
-------- WWWW -------- G4Exception-END --------- WWWW -------


-------- WWWW ------- G4Exception-START -------- WWWW -------
*** G4Exception : GeomNav1002
      issued by : G4Navigator::ComputeStep()
Track stuck or not moving.
          Track stuck, not moving for 10 steps
          in volume -av_1_impr_1_World2_pv_280- at point (9.67126,-176.561,926.372)
          direction: (0.0450655,-0.914672,-0.401678).
          Potential geometry or navigation problem !
          Trying pushing it of 1e-07 mm ...Potential overlap in geometry!

*** This is just a warning message. ***
-------- WWWW -------- G4Exception-END --------- WWWW -------

Graphics systems deleted.
Visualization Manager deleting...
